d:\coding\c++\game\rpg\rpg\x64\debug\vc142.pdb
d:\coding\c++\game\rpg\rpg\x64\debug\vc142.idb
d:\coding\c++\game\rpg\rpg\x64\debug\rat.obj
d:\coding\c++\game\rpg\rpg\x64\debug\player.obj
d:\coding\c++\game\rpg\rpg\x64\debug\movingstate.obj
d:\coding\c++\game\rpg\rpg\x64\debug\menutext.obj
d:\coding\c++\game\rpg\rpg\x64\debug\menubutton.obj
d:\coding\c++\game\rpg\rpg\x64\debug\maptile.obj
d:\coding\c++\game\rpg\rpg\x64\debug\inputmessage.obj
d:\coding\c++\game\rpg\rpg\x64\debug\idlestate.obj
d:\coding\c++\game\rpg\rpg\x64\debug\gamescene.obj
d:\coding\c++\game\rpg\rpg\x64\debug\gamemenu.obj
d:\coding\c++\game\rpg\rpg\x64\debug\basegameengine.obj
d:\coding\c++\game\rpg\rpg\x64\debug\game.obj
d:\coding\c++\game\rpg\rpg\x64\debug\controllerinterface.obj
d:\coding\c++\game\rpg\rpg\x64\debug\combattext.obj
d:\coding\c++\game\rpg\rpg\x64\debug\basicmeleeattack.obj
d:\coding\c++\game\rpg\rpg\x64\debug\attackingstate.obj
d:\coding\c++\game\rpg\rpg\x64\debug\attack.obj
d:\coding\c++\game\rpg\rpg\x64\debug\animation.obj
d:\coding\c++\game\rpg\rpg\x64\debug\animatedsprite.obj
d:\coding\c++\game\rpg\rpg\x64\debug\aiunit.obj
d:\coding\c++\game\rpg\rpg\x64\debug\zoneportal.obj
d:\coding\c++\game\rpg\rpg\x64\debug\zonemap.obj
d:\coding\c++\game\rpg\rpg\x64\debug\unitstate.obj
d:\coding\c++\game\rpg\rpg\x64\debug\unit.obj
d:\coding\c++\game\rpg\rpg\x64\debug\tilegridscene.obj
d:\coding\c++\game\rpg\rpg\x64\debug\texture.obj
d:\coding\c++\game\rpg\rpg\x64\debug\sprite.obj
d:\coding\c++\game\rpg\rpg\x64\debug\rpgworldbuilderscenebuttons.obj
d:\coding\c++\game\rpg\rpg\x64\debug\savefile.obj
d:\coding\c++\game\rpg\rpg\x64\debug\saveobject.obj
d:\coding\c++\game\rpg\rpg\x64\debug\saveattribute.obj
d:\coding\c++\game\rpg\rpg\x64\debug\rpgworldbuilderscenemenus.obj
d:\coding\c++\game\rpg\rpg\x64\debug\rpgworldbuilderscene.obj
d:\coding\c++\game\rpg\rpg\x64\debug\rpgoverworldscenekeysmousecontroller.obj
d:\coding\c++\game\rpg\rpg\x64\debug\rpgoverworldscene.obj
d:\coding\c++\game\rpg\x64\debug\rpg.exe
d:\coding\c++\game\rpg\x64\debug\rpg.ilk
d:\coding\c++\game\rpg\x64\debug\rpg.pdb
d:\coding\c++\game\rpg\rpg\x64\debug\rpg.tlog\cl.command.1.tlog
d:\coding\c++\game\rpg\rpg\x64\debug\rpg.tlog\cl.read.1.tlog
d:\coding\c++\game\rpg\rpg\x64\debug\rpg.tlog\cl.write.1.tlog
d:\coding\c++\game\rpg\rpg\x64\debug\rpg.tlog\link.command.1.tlog
d:\coding\c++\game\rpg\rpg\x64\debug\rpg.tlog\link.read.1.tlog
d:\coding\c++\game\rpg\rpg\x64\debug\rpg.tlog\link.write.1.tlog
